<?xml version="1.0" encoding="UTF-8"?>
<!-- Generated by org.testng.reporters.JUnitReportReporter -->
<testsuite hostname="WIN-S5U82SJP6IH" failures="0" tests="1" name="MyRunner.TestRunner" time="57.703" errors="0" timestamp="2022-07-31T02:27:39 PDT" skipped="0">
  <testcase classname="MyRunner.TestRunner" name="feature" time="57.703"/>
  <system-out/>
</testsuite> <!-- MyRunner.TestRunner -->
